2026-04-28 15:04:05 - INFO - root - logging_config.py:52 - === Logging system initialized ===
2026-04-28 15:04:05 - INFO - root - logging_config.py:53 - Rotating log: C:\Users\sasha\PycharmProjects\5 лабораторная\logs\rotating.log
2026-04-28 15:04:05 - INFO - root - logging_config.py:54 - Timed log: C:\Users\sasha\PycharmProjects\5 лабораторная\logs\timed.log
2026-04-28 15:04:05 - INFO - root - logging_config.py:52 - === Logging system initialized ===
2026-04-28 15:04:05 - INFO - root - logging_config.py:53 - Rotating log: C:\Users\sasha\PycharmProjects\5 лабораторная\logs\rotating.log
2026-04-28 15:04:05 - INFO - root - logging_config.py:54 - Timed log: C:\Users\sasha\PycharmProjects\5 лабораторная\logs\timed.log
2026-04-28 15:04:06 - INFO - django.utils.autoreload - autoreload.py:681 - Watching for file changes with StatReloader
2026-04-28 15:06:13 - INFO - users.views - views.py:20 - User test66 logged in successfully
2026-04-28 15:06:14 - INFO - users.views - views.py:81 - User test66 viewed user list
2026-04-28 15:06:15 - INFO - users.views - views.py:65 - User test66 viewed friend's profile: test77
2026-04-28 15:06:16 - INFO - users.views - views.py:97 - User test66 removed test77 from friends
2026-04-28 15:06:16 - INFO - users.views - views.py:72 - User test66 viewed stranger's profile: test77
2026-04-28 15:06:17 - INFO - users.views - views.py:81 - User test66 viewed user list
2026-04-28 15:06:18 - INFO - users.views - views.py:58 - User test66 viewed their own profile
2026-04-28 15:08:01 - ERROR - users.views - views.py:115 - User test66 failed to upload avatar: ['File is not an image']
Traceback (most recent call last):
  File "C:\Users\sasha\PycharmProjects\5 лабораторная\users\views.py", line 112, in edit_profile
    raise ValidationError("File is not an image")
django.core.exceptions.ValidationError: ['File is not an image']
2026-05-05 15:34:19 - WARNING - users.views - views.py:41 - Registration failed - validation errors: {"username": [{"message": "\u041f\u043e\u043b\u044c\u0437\u043e\u0432\u0430\u0442\u0435\u043b\u044c \u0441 \u0442\u0430\u043a\u0438\u043c \u0438\u043c\u0435\u043d\u0435\u043c \u0443\u0436\u0435 \u0441\u0443\u0449\u0435\u0441\u0442\u0432\u0443\u0435\u0442.", "code": "unique"}]}
2026-05-05 15:34:58 - WARNING - users.views - views.py:41 - Registration failed - validation errors: {"password2": [{"message": "\u0412\u0432\u0435\u0434\u0435\u043d\u043d\u044b\u0435 \u043f\u0430\u0440\u043e\u043b\u0438 \u043d\u0435 \u0441\u043e\u0432\u043f\u0430\u0434\u0430\u044e\u0442.", "code": "password_mismatch"}]}
2026-05-05 15:39:54 - WARNING - users.views - views.py:54 - Unauthenticated user tried to view profile: nikita
